mkdir: cannot create directory ‘/users/m/r/mrmcclur/projects/eco_genomics_2025/population_genomics/mydata/ANGSD’: File exists
	-> angsd version: 0.935 (htslib: 1.19.1) build(Dec 18 2024 17:12:57)
	-> angsd -b /users/m/r/mrmcclur/projects/eco_genomics_2025/population_genomics/mydata/ANGSD/2032_bam.list -ref /gpfs1/cl/ecogen/pbio6800/PopulationGenomics/ref_genome/Pmariana/Pmariana1.0-genome_reduced.fa -anc /gpfs1/cl/ecogen/pbio6800/PopulationGenomics/ref_genome/Pmariana/Pmariana1.0-genome_reduced.fa -out /users/m/r/mrmcclur/projects/eco_genomics_2025/population_genomics/mydata/ANGSD/2032_ALL -nThreads 10 -remove_bads 1 -C 50 -baq 1 -minMapQ 20 -minQ 20 -GL 2 -doSaf 1 -doCounts 1 -minInd 4 -setMinDepthInd 1 -setMaxDepthInd 40 -setMinDepth 10 -skipTriallelic 1 -doMajorMinor 4 
	-> Inputtype is BAM/CRAM
[multiReader] 8 samples in 8 input files
	-> Reading fasta: /gpfs1/cl/ecogen/pbio6800/PopulationGenomics/ref_genome/Pmariana/Pmariana1.0-genome_reduced.fa
	-> Reading fasta: /gpfs1/cl/ecogen/pbio6800/PopulationGenomics/ref_genome/Pmariana/Pmariana1.0-genome_reduced.fa
	-> Parsing 8 number of samples 
No data for chromoId=26 chromoname=JASDQU010007516.1
This could either indicate that there really is no data for this chromosome
Or it could be problem with this program regSize=0 notDone=8
	-> Printing at chr: JASDQU010009368.1 pos:2407 chunknumber 100 contains 143 sites
	-> Printing at chr: JASDQU010010095.1 pos:307757 chunknumber 200 contains 303 sites
	-> Printing at chr: JASDQU010010225.1 pos:264306 chunknumber 300 contains 1286 sites
	-> Printing at chr: JASDQU010010296.1 pos:233902 chunknumber 400 contains 780 sites
	-> Printing at chr: JASDQU010010431.1 pos:383 chunknumber 500 contains 9673 sites
	-> Printing at chr: JASDQU010010551.1 pos:43029 chunknumber 600 contains 10024 sites
	-> Printing at chr: JASDQU010010666.1 pos:162436 chunknumber 700 contains 3228 sites
	-> Printing at chr: JASDQU010010817.1 pos:92 chunknumber 800 contains 7449 sites
	-> Printing at chr: JASDQU010010941.1 pos:20738 chunknumber 900 contains 3242 sites
