mkdir: cannot create directory ‘/users/m/r/mrmcclur/projects/eco_genomics_2025/population_genomics/myresults/ANGSD/PCA_ADMIX’: File exists
------------------------------------
PCAngsd v1.36.1
Jonas Meisner and Anders Albrechtsen
Using 10 thread(s)
------------------------------------

Parsing Beagle file.
Loaded 971934 sites and 113 samples.
Estimating minor allele frequencies.
EM (MAF) converged at iteration: 7
Number of sites after MAF filtering (0.05): 697053

Estimating covariance matrix.
Using 2 principal components (manually selected).
Individual allele frequencies estimated (1).
Individual allele frequencies estimated (2).	RMSE=0.0028534
Individual allele frequencies estimated (3).	RMSE=0.0017149
Individual allele frequencies estimated (4).	RMSE=0.0011765
Individual allele frequencies estimated (5).	RMSE=0.0008571
Individual allele frequencies estimated (6).	RMSE=0.0006486
Individual allele frequencies estimated (7).	RMSE=0.1330374
Individual allele frequencies estimated (8).	RMSE=0.0003951
Individual allele frequencies estimated (9).	RMSE=0.0003153
Individual allele frequencies estimated (10).	RMSE=0.0002556
Individual allele frequencies estimated (11).	RMSE=0.0002099
Individual allele frequencies estimated (12).	RMSE=0.0001756
Individual allele frequencies estimated (13).	RMSE=0.0001483
Individual allele frequencies estimated (14).	RMSE=0.0001275
Individual allele frequencies estimated (15).	RMSE=0.0001116
Individual allele frequencies estimated (16).	RMSE=0.0000989
Individual allele frequencies estimated (17).	RMSE=0.0000891
Individual allele frequencies estimated (18).	RMSE=0.0000815
Individual allele frequencies estimated (19).	RMSE=0.0000750
Individual allele frequencies estimated (20).	RMSE=0.0000705
Individual allele frequencies estimated (21).	RMSE=0.0000663
Individual allele frequencies estimated (22).	RMSE=0.0000629
Individual allele frequencies estimated (23).	RMSE=0.0000606
Individual allele frequencies estimated (24).	RMSE=0.0000580
Individual allele frequencies estimated (25).	RMSE=0.0000560
Individual allele frequencies estimated (26).	RMSE=0.0000543
Individual allele frequencies estimated (27).	RMSE=0.0000526
Individual allele frequencies estimated (28).	RMSE=0.0000511
Individual allele frequencies estimated (29).	RMSE=0.0000498
Individual allele frequencies estimated (30).	RMSE=0.0000485
Individual allele frequencies estimated (31).	RMSE=0.0000472
Individual allele frequencies estimated (32).	RMSE=0.0000460
Individual allele frequencies estimated (33).	RMSE=0.0000448
Individual allele frequencies estimated (34).	RMSE=0.0000437
Individual allele frequencies estimated (35).	RMSE=0.0000426
Individual allele frequencies estimated (36).	RMSE=0.0000415
Individual allele frequencies estimated (37).	RMSE=0.0000403
Individual allele frequencies estimated (38).	RMSE=0.0000392
Individual allele frequencies estimated (39).	RMSE=0.0000382
Individual allele frequencies estimated (40).	RMSE=0.0000371
Individual allele frequencies estimated (41).	RMSE=0.0000361
Individual allele frequencies estimated (42).	RMSE=0.0000350
Individual allele frequencies estimated (43).	RMSE=0.0000339
Individual allele frequencies estimated (44).	RMSE=0.0000327
Individual allele frequencies estimated (45).	RMSE=0.0000317
Individual allele frequencies estimated (46).	RMSE=0.0000307
Individual allele frequencies estimated (47).	RMSE=0.0000296
Individual allele frequencies estimated (48).	RMSE=0.0000284
Individual allele frequencies estimated (49).	RMSE=0.0000275
Individual allele frequencies estimated (50).	RMSE=0.0000265
Individual allele frequencies estimated (51).	RMSE=0.0000254
Individual allele frequencies estimated (52).	RMSE=0.0000245
Individual allele frequencies estimated (53).	RMSE=0.0000235
Individual allele frequencies estimated (54).	RMSE=0.0000225
Individual allele frequencies estimated (55).	RMSE=0.0000215
Individual allele frequencies estimated (56).	RMSE=0.0000205
Individual allele frequencies estimated (57).	RMSE=0.0000196
Individual allele frequencies estimated (58).	RMSE=0.0000188
Individual allele frequencies estimated (59).	RMSE=0.0000179
Individual allele frequencies estimated (60).	RMSE=0.0000170
Individual allele frequencies estimated (61).	RMSE=0.0000162
Individual allele frequencies estimated (62).	RMSE=0.0000154
Individual allele frequencies estimated (63).	RMSE=0.0000149
Individual allele frequencies estimated (64).	RMSE=0.0000141
Individual allele frequencies estimated (65).	RMSE=0.0000133
Individual allele frequencies estimated (66).	RMSE=0.0000125
Individual allele frequencies estimated (67).	RMSE=0.0000119
Individual allele frequencies estimated (68).	RMSE=0.0000112
Individual allele frequencies estimated (69).	RMSE=0.0000105
Individual allele frequencies estimated (70).	RMSE=0.0000100
PCAngsd converged.
Saved covariance matrix as /users/m/r/mrmcclur/projects/eco_genomics_2025/population_genomics/myresults/ANGSD/PCA_ADMIX/RSBS_poly_K3.cov

Estimating admixture proportions using NMF (CSG-MU).
K=3, Alpha=0.0, Batches=10, Seed=0
CSG-MU (1).	RMSE=0.260920650
CSG-MU (2).	RMSE=0.091780739
CSG-MU (3).	RMSE=0.155791231
CSG-MU (4).	RMSE=0.048778491
CSG-MU (5).	RMSE=0.024872729
CSG-MU (6).	RMSE=0.009629736
CSG-MU (7).	RMSE=0.005138032
CSG-MU (8).	RMSE=0.003223435
CSG-MU (9).	RMSE=0.002249170
CSG-MU (10).	RMSE=0.001510316
CSG-MU (11).	RMSE=0.001102538
CSG-MU (12).	RMSE=0.000819167
CSG-MU (13).	RMSE=0.000597475
CSG-MU (14).	RMSE=0.000454138
CSG-MU (15).	RMSE=0.000361452
CSG-MU (16).	RMSE=0.000283390
CSG-MU (17).	RMSE=0.000227469
CSG-MU (18).	RMSE=0.000177203
CSG-MU (19).	RMSE=0.000144689
CSG-MU (20).	RMSE=0.000117001
CSG-MU (21).	RMSE=0.000093838
CSG-MU (22).	RMSE=0.000077162
CSG-MU (23).	RMSE=0.000060853
CSG-MU (24).	RMSE=0.000053476
CSG-MU (25).	RMSE=0.000042648
CSG-MU (26).	RMSE=0.000034610
CSG-MU (27).	RMSE=0.000028560
CSG-MU (28).	RMSE=0.000025081
CSG-MU (29).	RMSE=0.000018951
CSG-MU (30).	RMSE=0.000014081
CSG-MU (31).	RMSE=0.000011279
CSG-MU (32).	RMSE=0.000010904
CSG-MU (33).	RMSE=0.000009761
Converged.
Frobenius error: 54.59353
Log-likelihood: -59635615.44181
Saved admixture proportions as /users/m/r/mrmcclur/projects/eco_genomics_2025/population_genomics/myresults/ANGSD/PCA_ADMIX/RSBS_poly_K3.admix.3.Q
Saved ancestral allele frequencies proportions as /users/m/r/mrmcclur/projects/eco_genomics_2025/population_genomics/myresults/ANGSD/PCA_ADMIX/RSBS_poly_K3.admix.3.P

Total elapsed time: 3m4s
