process_bam.sh: line 18: cd: gpfs1/cl/ecogen/pbio6800/PopulationGenomics/bams: No such file or directory

sambamba 1.0.1
 by Artem Tarasov and Pjotr Prins (C) 2012-2023
    LDC 1.32.0 / DMD v2.102.2 / LLVM14.0.6 / bootstrap LDC - the LLVM D compiler (1.32.0)

sambamba-view: Cannot open file `2032*.sam' in mode `rb' (No such file or directory)

sambamba 1.0.1
 by Artem Tarasov and Pjotr Prins (C) 2012-2023
    LDC 1.32.0 / DMD v2.102.2 / LLVM14.0.6 / bootstrap LDC - the LLVM D compiler (1.32.0)

sambamba-sort: not enough data in stream

sambamba 1.0.1
 by Artem Tarasov and Pjotr Prins (C) 2012-2023
    LDC 1.32.0 / DMD v2.102.2 / LLVM14.0.6 / bootstrap LDC - the LLVM D compiler (1.32.0)

sambamba-markdup: Cannot open or create file '2032*.sorted.bam' : No such file or directory

sambamba 1.0.1
 by Artem Tarasov and Pjotr Prins (C) 2012-2023
    LDC 1.32.0 / DMD v2.102.2 / LLVM14.0.6 / bootstrap LDC - the LLVM D compiler (1.32.0)


Usage: sambamba [command] [args...]

  Available commands:

    view        view contents and convert from one format
                to another (SAM/BAM/JSON/UNPACK)
    index       build index (BAI)
    merge       merge files (BAM)
    sort        sort file (BAM)
    slice       slice file (BAM using BED)
    markdup     mark or remove duplicates (BAM)
    subsample   subsample (BAM)
    flagstat    output statistics (BAM)
    depth       output statistics (BAM)
    validate    simple validator (BAM)

  No longer recommended:

    mpileup     parallel execution of samtools (BAM)

To get help on a particular command, call it without args.

Global options

    -q          quiet mode (do not show banner)

For bug reports and feature requests see

       https://github.com/biod/

basename: extra operand ‘/gpfs1/cl/ecogen/pbio6800/PopulationGenomics/bams/2032_48_A.sam’
Try 'basename --help' for more information.
[E::hts_open_format] Failed to open file "/gpfs1/cl/ecogen/pbio6800/PopulationGenomics/bams/2032*.sorted.rmdup.bam" : No such file or directory
samtools flagstat: Cannot open input file "/gpfs1/cl/ecogen/pbio6800/PopulationGenomics/bams/2032*.sorted.rmdup.bam": No such file or directory
[E::hts_open_format] Failed to open file "/gpfs1/cl/ecogen/pbio6800/PopulationGenomics/bams/2032*.sorted.rmdup.bam" : No such file or directory
samtools depth: Cannot open input file "/gpfs1/cl/ecogen/pbio6800/PopulationGenomics/bams/2032*.sorted.rmdup.bam": No such file or directory
awk: cmd. line:1: fatal: division by zero attempted
